<?xml version="1.0" encoding="UTF-8"?>
<!-- Generated by org.testng.reporters.JUnitXMLReporter -->
<testsuite hostname="DESKTOP-VRKMISK" failures="7" tests="13" name="Default test" time="209.754" errors="0" timestamp="27 Sep 2021 14:45:10 GMT">
  <testcase classname="runner.runner" name="runScenario" time="64.149">
    <failure type="org.openqa.selenium.ElementNotInteractableException" message="element not interactable
  (Session info: chrome=93.0.4577.82)
Build info: version: &amp;apos;3.141.5&amp;apos;, revision: &amp;apos;d54ebd709a&amp;apos;, time: &amp;apos;2018-11-06T11:42:16&amp;apos;
System info: host: &amp;apos;DESKTOP-VRKMISK&amp;apos;, ip: &amp;apos;192.168.56.1&amp;apos;, os.name: &amp;apos;Windows 10&amp;apos;, os.arch: &amp;apos;amd64&amp;apos;, os.version: &amp;apos;10.0&amp;apos;, java.version: &amp;apos;11.0.12&amp;apos;
Driver info: org.openqa.selenium.chrome.ChromeDriver
Capabilities {acceptInsecureCerts: false, browserName: chrome, browserVersion: 93.0.4577.82, chrome: {chromedriverVersion: 92.0.4515.107 (87a818b10553..., userDataDir: C:\Users\Aditya\AppData\Loc...}, goog:chromeOptions: {debuggerAddress: localhost:14449}, javascriptEnabled: true, networkConnectionEnabled: false, pageLoadStrategy: normal, platform: WINDOWS, platformName: WINDOWS, proxy: Proxy(), setWindowRect: true, strictFileInteractability: false, timeouts: {implicit: 0, pageLoad: 300000, script: 30000}, unhandledPromptBehavior: dismiss and notify, webauthn:extension:credBlob: true, webauthn:extension:largeBlob: true, webauthn:virtualAuthenticators: true}
Session ID: e2480d3f43cbb8db0200d501f938a2af">
      <![CDATA[org.openqa.selenium.ElementNotInteractableException: element not interactable
  (Session info: chrome=93.0.4577.82)
Build info: version: '3.141.5', revision: 'd54ebd709a', time: '2018-11-06T11:42:16'
System info: host: 'DESKTOP-VRKMISK', ip: '192.168.56.1', os.name: 'Windows 10', os.arch: 'amd64', os.version: '10.0', java.version: '11.0.12'
Driver info: org.openqa.selenium.chrome.ChromeDriver
Capabilities {acceptInsecureCerts: false, browserName: chrome, browserVersion: 93.0.4577.82, chrome: {chromedriverVersion: 92.0.4515.107 (87a818b10553..., userDataDir: C:\Users\Aditya\AppData\Loc...}, goog:chromeOptions: {debuggerAddress: localhost:14449}, javascriptEnabled: true, networkConnectionEnabled: false, pageLoadStrategy: normal, platform: WINDOWS, platformName: WINDOWS, proxy: Proxy(), setWindowRect: true, strictFileInteractability: false, timeouts: {implicit: 0, pageLoad: 300000, script: 30000}, unhandledPromptBehavior: dismiss and notify, webauthn:extension:credBlob: true, webauthn:extension:largeBlob: true, webauthn:virtualAuthenticators: true}
Session ID: e2480d3f43cbb8db0200d501f938a2af
	at java.base/jdk.internal.reflect.NativeConstructorAccessorImpl.newInstance0(Native Method)
	at java.base/jdk.internal.reflect.NativeConstructorAccessorImpl.newInstance(NativeConstructorAccessorImpl.java:62)
	at java.base/jdk.internal.reflect.DelegatingConstructorAccessorImpl.newInstance(DelegatingConstructorAccessorImpl.java:45)
	at java.base/java.lang.reflect.Constructor.newInstance(Constructor.java:490)
	at org.openqa.selenium.remote.http.W3CHttpResponseCodec.createException(W3CHttpResponseCodec.java:187)
	at org.openqa.selenium.remote.http.W3CHttpResponseCodec.decode(W3CHttpResponseCodec.java:122)
	at org.openqa.selenium.remote.http.W3CHttpResponseCodec.decode(W3CHttpResponseCodec.java:49)
	at org.openqa.selenium.remote.HttpCommandExecutor.execute(HttpCommandExecutor.java:158)
	at org.openqa.selenium.remote.service.DriverCommandExecutor.execute(DriverCommandExecutor.java:83)
	at org.openqa.selenium.remote.RemoteWebDriver.execute(RemoteWebDriver.java:552)
	at org.openqa.selenium.remote.RemoteWebElement.execute(RemoteWebElement.java:285)
	at org.openqa.selenium.remote.RemoteWebElement.click(RemoteWebElement.java:84)
	at stepdef.stepDefination1.user_hover_on_login_and_click_on_login(stepDefination1.java:55)
	at ✽.User hover on login and click on login(file:///C:/Users/Aditya/eclipse-workspace/BDD_Comprehensive/features/UrbanLadder.feature:5)
]]>
    </failure>
  </testcase> <!-- runScenario -->
  <testcase classname="runner.runner" name="runScenario" time="8.091"/>
  <testcase classname="runner.runner" name="runScenario" time="9.234"/>
  <testcase classname="runner.runner" name="runScenario" time="8.09"/>
  <testcase classname="runner.runner" name="runScenario" time="7.066"/>
  <testcase classname="runner.runner" name="runScenario" time="7.155">
    <failure type="org.openqa.selenium.ElementNotInteractableException" message="element not interactable: https://www.urbanladder.com/furniture-stores?src=g_topnav_sale_stores has no size and location
  (Session info: chrome=93.0.4577.82)
Build info: version: &amp;apos;3.141.5&amp;apos;, revision: &amp;apos;d54ebd709a&amp;apos;, time: &amp;apos;2018-11-06T11:42:16&amp;apos;
System info: host: &amp;apos;DESKTOP-VRKMISK&amp;apos;, ip: &amp;apos;192.168.56.1&amp;apos;, os.name: &amp;apos;Windows 10&amp;apos;, os.arch: &amp;apos;amd64&amp;apos;, os.version: &amp;apos;10.0&amp;apos;, java.version: &amp;apos;11.0.12&amp;apos;
Driver info: org.openqa.selenium.chrome.ChromeDriver
Capabilities {acceptInsecureCerts: false, browserName: chrome, browserVersion: 93.0.4577.82, chrome: {chromedriverVersion: 92.0.4515.107 (87a818b10553..., userDataDir: C:\Users\Aditya\AppData\Loc...}, goog:chromeOptions: {debuggerAddress: localhost:14449}, javascriptEnabled: true, networkConnectionEnabled: false, pageLoadStrategy: normal, platform: WINDOWS, platformName: WINDOWS, proxy: Proxy(), setWindowRect: true, strictFileInteractability: false, timeouts: {implicit: 0, pageLoad: 300000, script: 30000}, unhandledPromptBehavior: dismiss and notify, webauthn:extension:credBlob: true, webauthn:extension:largeBlob: true, webauthn:virtualAuthenticators: true}
Session ID: e2480d3f43cbb8db0200d501f938a2af">
      <![CDATA[org.openqa.selenium.ElementNotInteractableException: element not interactable: https://www.urbanladder.com/furniture-stores?src=g_topnav_sale_stores has no size and location
  (Session info: chrome=93.0.4577.82)
Build info: version: '3.141.5', revision: 'd54ebd709a', time: '2018-11-06T11:42:16'
System info: host: 'DESKTOP-VRKMISK', ip: '192.168.56.1', os.name: 'Windows 10', os.arch: 'amd64', os.version: '10.0', java.version: '11.0.12'
Driver info: org.openqa.selenium.chrome.ChromeDriver
Capabilities {acceptInsecureCerts: false, browserName: chrome, browserVersion: 93.0.4577.82, chrome: {chromedriverVersion: 92.0.4515.107 (87a818b10553..., userDataDir: C:\Users\Aditya\AppData\Loc...}, goog:chromeOptions: {debuggerAddress: localhost:14449}, javascriptEnabled: true, networkConnectionEnabled: false, pageLoadStrategy: normal, platform: WINDOWS, platformName: WINDOWS, proxy: Proxy(), setWindowRect: true, strictFileInteractability: false, timeouts: {implicit: 0, pageLoad: 300000, script: 30000}, unhandledPromptBehavior: dismiss and notify, webauthn:extension:credBlob: true, webauthn:extension:largeBlob: true, webauthn:virtualAuthenticators: true}
Session ID: e2480d3f43cbb8db0200d501f938a2af
	at java.base/jdk.internal.reflect.NativeConstructorAccessorImpl.newInstance0(Native Method)
	at java.base/jdk.internal.reflect.NativeConstructorAccessorImpl.newInstance(NativeConstructorAccessorImpl.java:62)
	at java.base/jdk.internal.reflect.DelegatingConstructorAccessorImpl.newInstance(DelegatingConstructorAccessorImpl.java:45)
	at java.base/java.lang.reflect.Constructor.newInstance(Constructor.java:490)
	at org.openqa.selenium.remote.http.W3CHttpResponseCodec.createException(W3CHttpResponseCodec.java:187)
	at org.openqa.selenium.remote.http.W3CHttpResponseCodec.decode(W3CHttpResponseCodec.java:122)
	at org.openqa.selenium.remote.http.W3CHttpResponseCodec.decode(W3CHttpResponseCodec.java:49)
	at org.openqa.selenium.remote.HttpCommandExecutor.execute(HttpCommandExecutor.java:158)
	at org.openqa.selenium.remote.service.DriverCommandExecutor.execute(DriverCommandExecutor.java:83)
	at org.openqa.selenium.remote.RemoteWebDriver.execute(RemoteWebDriver.java:552)
	at org.openqa.selenium.remote.RemoteWebDriver.perform(RemoteWebDriver.java:618)
	at org.openqa.selenium.interactions.Actions$BuiltAction.perform(Actions.java:639)
	at stepdef.stepDefination3.user_hovers_over_sale_icon(stepDefination3.java:55)
	at ✽.User hovers over sale icon(file:///C:/Users/Aditya/eclipse-workspace/BDD_Comprehensive/features/UrbanLadder.feature:23)
]]>
    </failure>
  </testcase> <!-- runScenario -->
  <testcase classname="runner.runner" name="runScenario" time="22.07">
    <failure type="java.lang.IllegalArgumentException" message="Must provide a location for a move action.">
      <![CDATA[java.lang.IllegalArgumentException: Must provide a location for a move action.
	at org.openqa.selenium.interactions.MoveMouseAction.<init>(MoveMouseAction.java:37)
	at org.openqa.selenium.interactions.Actions.moveToElement(Actions.java:386)
	at stepdef.stepDefination4.user_hovers_over_living_icon(stepDefination4.java:51)
	at ✽.User hovers over living icon(file:///C:/Users/Aditya/eclipse-workspace/BDD_Comprehensive/features/UrbanLadder.feature:29)
]]>
    </failure>
  </testcase> <!-- runScenario -->
  <testcase classname="runner.runner" name="runScenario" time="10.559"/>
  <testcase classname="runner.runner" name="runScenario" time="7.25">
    <failure type="java.lang.IllegalAccessError" message="class stepdef.stepDefination6 (in unnamed module @0x56f0cc85) cannot access class jdk.internal.org.jline.utils.Log (in module jdk.internal.le) because module jdk.internal.le does not export jdk.internal.org.jline.utils to unnamed module @0x56f0cc85">
      <![CDATA[java.lang.IllegalAccessError: class stepdef.stepDefination6 (in unnamed module @0x56f0cc85) cannot access class jdk.internal.org.jline.utils.Log (in module jdk.internal.le) because module jdk.internal.le does not export jdk.internal.org.jline.utils to unnamed module @0x56f0cc85
	at stepdef.stepDefination6.user_hovers_over_storage_icon(stepDefination6.java:51)
	at ✽.User hovers over storage icon(file:///C:/Users/Aditya/eclipse-workspace/BDD_Comprehensive/features/UrbanLadder.feature:41)
]]>
    </failure>
  </testcase> <!-- runScenario -->
  <testcase classname="runner.runner" name="runScenario" time="14.989"/>
  <testcase classname="runner.runner" name="runScenario" time="10.466">
    <failure type="java.lang.IllegalAccessError" message="class stepdef.stepDefination8 (in unnamed module @0x56f0cc85) cannot access class jdk.internal.org.jline.utils.Log (in module jdk.internal.le) because module jdk.internal.le does not export jdk.internal.org.jline.utils to unnamed module @0x56f0cc85">
      <![CDATA[java.lang.IllegalAccessError: class stepdef.stepDefination8 (in unnamed module @0x56f0cc85) cannot access class jdk.internal.org.jline.utils.Log (in module jdk.internal.le) because module jdk.internal.le does not export jdk.internal.org.jline.utils to unnamed module @0x56f0cc85
	at stepdef.stepDefination8.user_hovers_over_kidsroom_icon(stepDefination8.java:52)
	at ✽.User hovers over kidsroom icon(file:///C:/Users/Aditya/eclipse-workspace/BDD_Comprehensive/features/UrbanLadder.feature:53)
]]>
    </failure>
  </testcase> <!-- runScenario -->
  <testcase classname="runner.runner" name="runScenario" time="18.777">
    <failure type="java.lang.IllegalAccessError" message="class stepdef.stepDefination9 (in unnamed module @0x56f0cc85) cannot access class jdk.internal.org.jline.utils.Log (in module jdk.internal.le) because module jdk.internal.le does not export jdk.internal.org.jline.utils to unnamed module @0x56f0cc85">
      <![CDATA[java.lang.IllegalAccessError: class stepdef.stepDefination9 (in unnamed module @0x56f0cc85) cannot access class jdk.internal.org.jline.utils.Log (in module jdk.internal.le) because module jdk.internal.le does not export jdk.internal.org.jline.utils to unnamed module @0x56f0cc85
	at stepdef.stepDefination9.user_clicks_on_gift_card(stepDefination9.java:48)
	at ✽.User clicks on gift card(file:///C:/Users/Aditya/eclipse-workspace/BDD_Comprehensive/features/UrbanLadder.feature:59)
]]>
    </failure>
  </testcase> <!-- runScenario -->
  <testcase classname="runner.runner" name="runScenario" time="15.408">
    <failure type="java.lang.IllegalAccessError" message="class stepdef.stepDefination10 (in unnamed module @0x56f0cc85) cannot access class jdk.internal.org.jline.utils.Log (in module jdk.internal.le) because module jdk.internal.le does not export jdk.internal.org.jline.utils to unnamed module @0x56f0cc85">
      <![CDATA[java.lang.IllegalAccessError: class stepdef.stepDefination10 (in unnamed module @0x56f0cc85) cannot access class jdk.internal.org.jline.utils.Log (in module jdk.internal.le) because module jdk.internal.le does not export jdk.internal.org.jline.utils to unnamed module @0x56f0cc85
	at stepdef.stepDefination10.user_clicks_on_bulk_orders(stepDefination10.java:48)
	at ✽.User clicks on bulk orders(file:///C:/Users/Aditya/eclipse-workspace/BDD_Comprehensive/features/UrbanLadder.feature:64)
]]>
    </failure>
  </testcase> <!-- runScenario -->
</testsuite> <!-- Default test -->
