<html>
<head>
<title>TestNG:  Default test</title>
<link href="../testng.css" rel="stylesheet" type="text/css" />
<link href="../my-testng.css" rel="stylesheet" type="text/css" />

<style type="text/css">
.log { display: none;} 
.stack-trace { display: none;} 
</style>
<script type="text/javascript">
<!--
function flip(e) {
  current = e.style.display;
  if (current == 'block') {
    e.style.display = 'none';
    return 0;
  }
  else {
    e.style.display = 'block';
    return 1;
  }
}

function toggleBox(szDivId, elem, msg1, msg2)
{
  var res = -1;  if (document.getElementById) {
    res = flip(document.getElementById(szDivId));
  }
  else if (document.all) {
    // this is the way old msie versions work
    res = flip(document.all[szDivId]);
  }
  if(elem) {
    if(res == 0) elem.innerHTML = msg1; else elem.innerHTML = msg2;
  }

}

function toggleAllBoxes() {
  if (document.getElementsByTagName) {
    d = document.getElementsByTagName('div');
    for (i = 0; i < d.length; i++) {
      if (d[i].className == 'log') {
        flip(d[i]);
      }
    }
  }
}

// -->
</script>

</head>
<body>
<h2 align='center'>Default test</h2><table border='1' align="center">
<tr>
<td>Tests passed/Failed/Skipped:</td><td>6/7/0</td>
</tr><tr>
<td>Started on:</td><td>Mon Sep 27 20:11:39 IST 2021</td>
</tr>
<tr><td>Total time:</td><td>209 seconds (209754 ms)</td>
</tr><tr>
<td>Included groups:</td><td></td>
</tr><tr>
<td>Excluded groups:</td><td></td>
</tr>
</table><p/>
<small><i>(Hover the method name to see the test class name)</i></small><p/>
<table width='100%' border='1' class='invocation-failed'>
<tr><td colspan='4' align='center'><b>FAILED TESTS</b></td></tr>
<tr><td><b>Test method</b></td>
<td width="30%"><b>Exception</b></td>
<td width="10%"><b>Time (seconds)</b></td>
<td><b>Instance</b></td>
</tr>
<tr>
<td title='runner.runner.runScenario()'><b>runScenario</b><br>Test class: runner.runner<br>Test method: Runs Cucumber Scenarios<br>Parameters: "Home page default login", "Optional[Urban Ladder]"</td>
<td><div><pre>org.openqa.selenium.ElementNotInteractableException: element not interactable
  (Session info: chrome=93.0.4577.82)
Build info: version: &apos;3.141.5&apos;, revision: &apos;d54ebd709a&apos;, time: &apos;2018-11-06T11:42:16&apos;
System info: host: &apos;DESKTOP-VRKMISK&apos;, ip: &apos;192.168.56.1&apos;, os.name: &apos;Windows 10&apos;, os.arch: &apos;amd64&apos;, os.version: &apos;10.0&apos;, java.version: &apos;11.0.12&apos;
Driver info: org.openqa.selenium.chrome.ChromeDriver
Capabilities {acceptInsecureCerts: false, browserName: chrome, browserVersion: 93.0.4577.82, chrome: {chromedriverVersion: 92.0.4515.107 (87a818b10553..., userDataDir: C:\Users\Aditya\AppData\Loc...}, goog:chromeOptions: {debuggerAddress: localhost:14449}, javascriptEnabled: true, networkConnectionEnabled: false, pageLoadStrategy: normal, platform: WINDOWS, platformName: WINDOWS, proxy: Proxy(), setWindowRect: true, strictFileInteractability: false, timeouts: {implicit: 0, pageLoad: 300000, script: 30000}, unhandledPromptBehavior: dismiss and notify, webauthn:extension:credBlob: true, webauthn:extension:largeBlob: true, webauthn:virtualAuthenticators: true}
Session ID: e2480d3f43cbb8db0200d501f938a2af
	at java.base/jdk.internal.reflect.NativeConstructorAccessorImpl.newInstance0(Native Method)
	at java.base/jdk.internal.reflect.NativeConstructorAccessorImpl.newInstance(NativeConstructorAccessorImpl.java:62)
	at java.base/jdk.internal.reflect.DelegatingConstructorAccessorImpl.newInstance(DelegatingConstructorAccessorImpl.java:45)
	at java.base/java.lang.reflect.Constructor.newInstance(Constructor.java:490)
	at org.openqa.selenium.remote.http.W3CHttpResponseCodec.createException(W3CHttpResponseCodec.java:187)
	at org.openqa.selenium.remote.http.W3CHttpResponseCodec.decode(W3CHttpResponseCodec.java:122)
	at org.openqa.selenium.remote.http.W3CHttpResponseCodec.decode(W3CHttpResponseCodec.java:49)
	at org.openqa.selenium.remote.HttpCommandExecutor.execute(HttpCommandExecutor.java:158)
	at org.openqa.selenium.remote.service.DriverCommandExecutor.execute(DriverCommandExecutor.java:83)
	at org.openqa.selenium.remote.RemoteWebDriver.execute(RemoteWebDriver.java:552)
	at org.openqa.selenium.remote.RemoteWebElement.execute(RemoteWebElement.java:285)
	at org.openqa.selenium.remote.RemoteWebElement.click(RemoteWebElement.java:84)
	at stepdef.stepDefination1.user_hover_on_login_and_click_on_login(stepDefination1.java:55)
	at ?.User hover on login and click on login(file:///C:/Users/Aditya/eclipse-workspace/BDD_Comprehensive/features/UrbanLadder.feature:5)
</pre></div><a href='#' onClick='toggleBox("stack-trace680466239", this, "Click to show all stack frames", "Click to hide stack frames")'>Click to show all stack frames</a>
<div class='stack-trace' id='stack-trace680466239'><pre>org.openqa.selenium.ElementNotInteractableException: element not interactable
  (Session info: chrome=93.0.4577.82)
Build info: version: &apos;3.141.5&apos;, revision: &apos;d54ebd709a&apos;, time: &apos;2018-11-06T11:42:16&apos;
System info: host: &apos;DESKTOP-VRKMISK&apos;, ip: &apos;192.168.56.1&apos;, os.name: &apos;Windows 10&apos;, os.arch: &apos;amd64&apos;, os.version: &apos;10.0&apos;, java.version: &apos;11.0.12&apos;
Driver info: org.openqa.selenium.chrome.ChromeDriver
Capabilities {acceptInsecureCerts: false, browserName: chrome, browserVersion: 93.0.4577.82, chrome: {chromedriverVersion: 92.0.4515.107 (87a818b10553..., userDataDir: C:\Users\Aditya\AppData\Loc...}, goog:chromeOptions: {debuggerAddress: localhost:14449}, javascriptEnabled: true, networkConnectionEnabled: false, pageLoadStrategy: normal, platform: WINDOWS, platformName: WINDOWS, proxy: Proxy(), setWindowRect: true, strictFileInteractability: false, timeouts: {implicit: 0, pageLoad: 300000, script: 30000}, unhandledPromptBehavior: dismiss and notify, webauthn:extension:credBlob: true, webauthn:extension:largeBlob: true, webauthn:virtualAuthenticators: true}
Session ID: e2480d3f43cbb8db0200d501f938a2af
	at java.base/jdk.internal.reflect.NativeConstructorAccessorImpl.newInstance0(Native Method)
	at java.base/jdk.internal.reflect.NativeConstructorAccessorImpl.newInstance(NativeConstructorAccessorImpl.java:62)
	at java.base/jdk.internal.reflect.DelegatingConstructorAccessorImpl.newInstance(DelegatingConstructorAccessorImpl.java:45)
	at java.base/java.lang.reflect.Constructor.newInstance(Constructor.java:490)
	at org.openqa.selenium.remote.http.W3CHttpResponseCodec.createException(W3CHttpResponseCodec.java:187)
	at org.openqa.selenium.remote.http.W3CHttpResponseCodec.decode(W3CHttpResponseCodec.java:122)
	at org.openqa.selenium.remote.http.W3CHttpResponseCodec.decode(W3CHttpResponseCodec.java:49)
	at org.openqa.selenium.remote.HttpCommandExecutor.execute(HttpCommandExecutor.java:158)
	at org.openqa.selenium.remote.service.DriverCommandExecutor.execute(DriverCommandExecutor.java:83)
	at org.openqa.selenium.remote.RemoteWebDriver.execute(RemoteWebDriver.java:552)
	at org.openqa.selenium.remote.RemoteWebElement.execute(RemoteWebElement.java:285)
	at org.openqa.selenium.remote.RemoteWebElement.click(RemoteWebElement.java:84)
	at stepdef.stepDefination1.user_hover_on_login_and_click_on_login(stepDefination1.java:55)
	at ?.User hover on login and click on login(file:///C:/Users/Aditya/eclipse-workspace/BDD_Comprehensive/features/UrbanLadder.feature:5)
</pre></div></td>
<td>64</td>
<td>runner.runner@8e50104</td></tr>
<tr>
<td title='runner.runner.runScenario()'><b>runScenario</b><br>Test class: runner.runner<br>Test method: Runs Cucumber Scenarios<br>Parameters: "sale", "Optional[Urban Ladder]"</td>
<td><div><pre>org.openqa.selenium.ElementNotInteractableException: element not interactable: https://www.urbanladder.com/furniture-stores?src=g_topnav_sale_stores has no size and location
  (Session info: chrome=93.0.4577.82)
Build info: version: &apos;3.141.5&apos;, revision: &apos;d54ebd709a&apos;, time: &apos;2018-11-06T11:42:16&apos;
System info: host: &apos;DESKTOP-VRKMISK&apos;, ip: &apos;192.168.56.1&apos;, os.name: &apos;Windows 10&apos;, os.arch: &apos;amd64&apos;, os.version: &apos;10.0&apos;, java.version: &apos;11.0.12&apos;
Driver info: org.openqa.selenium.chrome.ChromeDriver
Capabilities {acceptInsecureCerts: false, browserName: chrome, browserVersion: 93.0.4577.82, chrome: {chromedriverVersion: 92.0.4515.107 (87a818b10553..., userDataDir: C:\Users\Aditya\AppData\Loc...}, goog:chromeOptions: {debuggerAddress: localhost:14449}, javascriptEnabled: true, networkConnectionEnabled: false, pageLoadStrategy: normal, platform: WINDOWS, platformName: WINDOWS, proxy: Proxy(), setWindowRect: true, strictFileInteractability: false, timeouts: {implicit: 0, pageLoad: 300000, script: 30000}, unhandledPromptBehavior: dismiss and notify, webauthn:extension:credBlob: true, webauthn:extension:largeBlob: true, webauthn:virtualAuthenticators: true}
Session ID: e2480d3f43cbb8db0200d501f938a2af
	at java.base/jdk.internal.reflect.NativeConstructorAccessorImpl.newInstance0(Native Method)
	at java.base/jdk.internal.reflect.NativeConstructorAccessorImpl.newInstance(NativeConstructorAccessorImpl.java:62)
	at java.base/jdk.internal.reflect.DelegatingConstructorAccessorImpl.newInstance(DelegatingConstructorAccessorImpl.java:45)
	at java.base/java.lang.reflect.Constructor.newInstance(Constructor.java:490)
	at org.openqa.selenium.remote.http.W3CHttpResponseCodec.createException(W3CHttpResponseCodec.java:187)
	at org.openqa.selenium.remote.http.W3CHttpResponseCodec.decode(W3CHttpResponseCodec.java:122)
	at org.openqa.selenium.remote.http.W3CHttpResponseCodec.decode(W3CHttpResponseCodec.java:49)
	at org.openqa.selenium.remote.HttpCommandExecutor.execute(HttpCommandExecutor.java:158)
	at org.openqa.selenium.remote.service.DriverCommandExecutor.execute(DriverCommandExecutor.java:83)
	at org.openqa.selenium.remote.RemoteWebDriver.execute(RemoteWebDriver.java:552)
	at org.openqa.selenium.remote.RemoteWebDriver.perform(RemoteWebDriver.java:618)
	at org.openqa.selenium.interactions.Actions$BuiltAction.perform(Actions.java:639)
	at stepdef.stepDefination3.user_hovers_over_sale_icon(stepDefination3.java:55)
	at ?.User hovers over sale icon(file:///C:/Users/Aditya/eclipse-workspace/BDD_Comprehensive/features/UrbanLadder.feature:23)
</pre></div><a href='#' onClick='toggleBox("stack-trace1771292895", this, "Click to show all stack frames", "Click to hide stack frames")'>Click to show all stack frames</a>
<div class='stack-trace' id='stack-trace1771292895'><pre>org.openqa.selenium.ElementNotInteractableException: element not interactable: https://www.urbanladder.com/furniture-stores?src=g_topnav_sale_stores has no size and location
  (Session info: chrome=93.0.4577.82)
Build info: version: &apos;3.141.5&apos;, revision: &apos;d54ebd709a&apos;, time: &apos;2018-11-06T11:42:16&apos;
System info: host: &apos;DESKTOP-VRKMISK&apos;, ip: &apos;192.168.56.1&apos;, os.name: &apos;Windows 10&apos;, os.arch: &apos;amd64&apos;, os.version: &apos;10.0&apos;, java.version: &apos;11.0.12&apos;
Driver info: org.openqa.selenium.chrome.ChromeDriver
Capabilities {acceptInsecureCerts: false, browserName: chrome, browserVersion: 93.0.4577.82, chrome: {chromedriverVersion: 92.0.4515.107 (87a818b10553..., userDataDir: C:\Users\Aditya\AppData\Loc...}, goog:chromeOptions: {debuggerAddress: localhost:14449}, javascriptEnabled: true, networkConnectionEnabled: false, pageLoadStrategy: normal, platform: WINDOWS, platformName: WINDOWS, proxy: Proxy(), setWindowRect: true, strictFileInteractability: false, timeouts: {implicit: 0, pageLoad: 300000, script: 30000}, unhandledPromptBehavior: dismiss and notify, webauthn:extension:credBlob: true, webauthn:extension:largeBlob: true, webauthn:virtualAuthenticators: true}
Session ID: e2480d3f43cbb8db0200d501f938a2af
	at java.base/jdk.internal.reflect.NativeConstructorAccessorImpl.newInstance0(Native Method)
	at java.base/jdk.internal.reflect.NativeConstructorAccessorImpl.newInstance(NativeConstructorAccessorImpl.java:62)
	at java.base/jdk.internal.reflect.DelegatingConstructorAccessorImpl.newInstance(DelegatingConstructorAccessorImpl.java:45)
	at java.base/java.lang.reflect.Constructor.newInstance(Constructor.java:490)
	at org.openqa.selenium.remote.http.W3CHttpResponseCodec.createException(W3CHttpResponseCodec.java:187)
	at org.openqa.selenium.remote.http.W3CHttpResponseCodec.decode(W3CHttpResponseCodec.java:122)
	at org.openqa.selenium.remote.http.W3CHttpResponseCodec.decode(W3CHttpResponseCodec.java:49)
	at org.openqa.selenium.remote.HttpCommandExecutor.execute(HttpCommandExecutor.java:158)
	at org.openqa.selenium.remote.service.DriverCommandExecutor.execute(DriverCommandExecutor.java:83)
	at org.openqa.selenium.remote.RemoteWebDriver.execute(RemoteWebDriver.java:552)
	at org.openqa.selenium.remote.RemoteWebDriver.perform(RemoteWebDriver.java:618)
	at org.openqa.selenium.interactions.Actions$BuiltAction.perform(Actions.java:639)
	at stepdef.stepDefination3.user_hovers_over_sale_icon(stepDefination3.java:55)
	at ?.User hovers over sale icon(file:///C:/Users/Aditya/eclipse-workspace/BDD_Comprehensive/features/UrbanLadder.feature:23)
</pre></div></td>
<td>7</td>
<td>runner.runner@8e50104</td></tr>
<tr>
<td title='runner.runner.runScenario()'><b>runScenario</b><br>Test class: runner.runner<br>Test method: Runs Cucumber Scenarios<br>Parameters: "living", "Optional[Urban Ladder]"</td>
<td><div><pre>java.lang.IllegalArgumentException: Must provide a location for a move action.
	at org.openqa.selenium.interactions.MoveMouseAction.&lt;init&gt;(MoveMouseAction.java:37)
	at org.openqa.selenium.interactions.Actions.moveToElement(Actions.java:386)
	at stepdef.stepDefination4.user_hovers_over_living_icon(stepDefination4.java:51)
	at ?.User hovers over living icon(file:///C:/Users/Aditya/eclipse-workspace/BDD_Comprehensive/features/UrbanLadder.feature:29)
</pre></div><a href='#' onClick='toggleBox("stack-trace509654105", this, "Click to show all stack frames", "Click to hide stack frames")'>Click to show all stack frames</a>
<div class='stack-trace' id='stack-trace509654105'><pre>java.lang.IllegalArgumentException: Must provide a location for a move action.
	at org.openqa.selenium.interactions.MoveMouseAction.&lt;init&gt;(MoveMouseAction.java:37)
	at org.openqa.selenium.interactions.Actions.moveToElement(Actions.java:386)
	at stepdef.stepDefination4.user_hovers_over_living_icon(stepDefination4.java:51)
	at ?.User hovers over living icon(file:///C:/Users/Aditya/eclipse-workspace/BDD_Comprehensive/features/UrbanLadder.feature:29)
</pre></div></td>
<td>22</td>
<td>runner.runner@8e50104</td></tr>
<tr>
<td title='runner.runner.runScenario()'><b>runScenario</b><br>Test class: runner.runner<br>Test method: Runs Cucumber Scenarios<br>Parameters: "storage", "Optional[Urban Ladder]"</td>
<td><div><pre>java.lang.IllegalAccessError: class stepdef.stepDefination6 (in unnamed module @0x56f0cc85) cannot access class jdk.internal.org.jline.utils.Log (in module jdk.internal.le) because module jdk.internal.le does not export jdk.internal.org.jline.utils to unnamed module @0x56f0cc85
	at stepdef.stepDefination6.user_hovers_over_storage_icon(stepDefination6.java:51)
	at ?.User hovers over storage icon(file:///C:/Users/Aditya/eclipse-workspace/BDD_Comprehensive/features/UrbanLadder.feature:41)
</pre></div><a href='#' onClick='toggleBox("stack-trace2041504298", this, "Click to show all stack frames", "Click to hide stack frames")'>Click to show all stack frames</a>
<div class='stack-trace' id='stack-trace2041504298'><pre>java.lang.IllegalAccessError: class stepdef.stepDefination6 (in unnamed module @0x56f0cc85) cannot access class jdk.internal.org.jline.utils.Log (in module jdk.internal.le) because module jdk.internal.le does not export jdk.internal.org.jline.utils to unnamed module @0x56f0cc85
	at stepdef.stepDefination6.user_hovers_over_storage_icon(stepDefination6.java:51)
	at ?.User hovers over storage icon(file:///C:/Users/Aditya/eclipse-workspace/BDD_Comprehensive/features/UrbanLadder.feature:41)
</pre></div></td>
<td>7</td>
<td>runner.runner@8e50104</td></tr>
<tr>
<td title='runner.runner.runScenario()'><b>runScenario</b><br>Test class: runner.runner<br>Test method: Runs Cucumber Scenarios<br>Parameters: "kids room", "Optional[Urban Ladder]"</td>
<td><div><pre>java.lang.IllegalAccessError: class stepdef.stepDefination8 (in unnamed module @0x56f0cc85) cannot access class jdk.internal.org.jline.utils.Log (in module jdk.internal.le) because module jdk.internal.le does not export jdk.internal.org.jline.utils to unnamed module @0x56f0cc85
	at stepdef.stepDefination8.user_hovers_over_kidsroom_icon(stepDefination8.java:52)
	at ?.User hovers over kidsroom icon(file:///C:/Users/Aditya/eclipse-workspace/BDD_Comprehensive/features/UrbanLadder.feature:53)
</pre></div><a href='#' onClick='toggleBox("stack-trace645717550", this, "Click to show all stack frames", "Click to hide stack frames")'>Click to show all stack frames</a>
<div class='stack-trace' id='stack-trace645717550'><pre>java.lang.IllegalAccessError: class stepdef.stepDefination8 (in unnamed module @0x56f0cc85) cannot access class jdk.internal.org.jline.utils.Log (in module jdk.internal.le) because module jdk.internal.le does not export jdk.internal.org.jline.utils to unnamed module @0x56f0cc85
	at stepdef.stepDefination8.user_hovers_over_kidsroom_icon(stepDefination8.java:52)
	at ?.User hovers over kidsroom icon(file:///C:/Users/Aditya/eclipse-workspace/BDD_Comprehensive/features/UrbanLadder.feature:53)
</pre></div></td>
<td>10</td>
<td>runner.runner@8e50104</td></tr>
<tr>
<td title='runner.runner.runScenario()'><b>runScenario</b><br>Test class: runner.runner<br>Test method: Runs Cucumber Scenarios<br>Parameters: "gift cards", "Optional[Urban Ladder]"</td>
<td><div><pre>java.lang.IllegalAccessError: class stepdef.stepDefination9 (in unnamed module @0x56f0cc85) cannot access class jdk.internal.org.jline.utils.Log (in module jdk.internal.le) because module jdk.internal.le does not export jdk.internal.org.jline.utils to unnamed module @0x56f0cc85
	at stepdef.stepDefination9.user_clicks_on_gift_card(stepDefination9.java:48)
	at ?.User clicks on gift card(file:///C:/Users/Aditya/eclipse-workspace/BDD_Comprehensive/features/UrbanLadder.feature:59)
</pre></div><a href='#' onClick='toggleBox("stack-trace201245433", this, "Click to show all stack frames", "Click to hide stack frames")'>Click to show all stack frames</a>
<div class='stack-trace' id='stack-trace201245433'><pre>java.lang.IllegalAccessError: class stepdef.stepDefination9 (in unnamed module @0x56f0cc85) cannot access class jdk.internal.org.jline.utils.Log (in module jdk.internal.le) because module jdk.internal.le does not export jdk.internal.org.jline.utils to unnamed module @0x56f0cc85
	at stepdef.stepDefination9.user_clicks_on_gift_card(stepDefination9.java:48)
	at ?.User clicks on gift card(file:///C:/Users/Aditya/eclipse-workspace/BDD_Comprehensive/features/UrbanLadder.feature:59)
</pre></div></td>
<td>18</td>
<td>runner.runner@8e50104</td></tr>
<tr>
<td title='runner.runner.runScenario()'><b>runScenario</b><br>Test class: runner.runner<br>Test method: Runs Cucumber Scenarios<br>Parameters: "bulk orders", "Optional[Urban Ladder]"</td>
<td><div><pre>java.lang.IllegalAccessError: class stepdef.stepDefination10 (in unnamed module @0x56f0cc85) cannot access class jdk.internal.org.jline.utils.Log (in module jdk.internal.le) because module jdk.internal.le does not export jdk.internal.org.jline.utils to unnamed module @0x56f0cc85
	at stepdef.stepDefination10.user_clicks_on_bulk_orders(stepDefination10.java:48)
	at ?.User clicks on bulk orders(file:///C:/Users/Aditya/eclipse-workspace/BDD_Comprehensive/features/UrbanLadder.feature:64)
</pre></div><a href='#' onClick='toggleBox("stack-trace1788036341", this, "Click to show all stack frames", "Click to hide stack frames")'>Click to show all stack frames</a>
<div class='stack-trace' id='stack-trace1788036341'><pre>java.lang.IllegalAccessError: class stepdef.stepDefination10 (in unnamed module @0x56f0cc85) cannot access class jdk.internal.org.jline.utils.Log (in module jdk.internal.le) because module jdk.internal.le does not export jdk.internal.org.jline.utils to unnamed module @0x56f0cc85
	at stepdef.stepDefination10.user_clicks_on_bulk_orders(stepDefination10.java:48)
	at ?.User clicks on bulk orders(file:///C:/Users/Aditya/eclipse-workspace/BDD_Comprehensive/features/UrbanLadder.feature:64)
</pre></div></td>
<td>15</td>
<td>runner.runner@8e50104</td></tr>
</table><p>
<table width='100%' border='1' class='invocation-passed'>
<tr><td colspan='4' align='center'><b>PASSED TESTS</b></td></tr>
<tr><td><b>Test method</b></td>
<td width="30%"><b>Exception</b></td>
<td width="10%"><b>Time (seconds)</b></td>
<td><b>Instance</b></td>
</tr>
<tr>
<td title='runner.runner.runScenario()'><b>runScenario</b><br>Test class: runner.runner<br>Test method: Runs Cucumber Scenarios<br>Parameters: "searching", "Optional[Urban Ladder]"</td>
<td></td>
<td>8</td>
<td>runner.runner@8e50104</td></tr>
<tr>
<td title='runner.runner.runScenario()'><b>runScenario</b><br>Test class: runner.runner<br>Test method: Runs Cucumber Scenarios<br>Parameters: "searching", "Optional[Urban Ladder]"</td>
<td></td>
<td>9</td>
<td>runner.runner@8e50104</td></tr>
<tr>
<td title='runner.runner.runScenario()'><b>runScenario</b><br>Test class: runner.runner<br>Test method: Runs Cucumber Scenarios<br>Parameters: "searching", "Optional[Urban Ladder]"</td>
<td></td>
<td>8</td>
<td>runner.runner@8e50104</td></tr>
<tr>
<td title='runner.runner.runScenario()'><b>runScenario</b><br>Test class: runner.runner<br>Test method: Runs Cucumber Scenarios<br>Parameters: "searching", "Optional[Urban Ladder]"</td>
<td></td>
<td>7</td>
<td>runner.runner@8e50104</td></tr>
<tr>
<td title='runner.runner.runScenario()'><b>runScenario</b><br>Test class: runner.runner<br>Test method: Runs Cucumber Scenarios<br>Parameters: "bedroom", "Optional[Urban Ladder]"</td>
<td></td>
<td>10</td>
<td>runner.runner@8e50104</td></tr>
<tr>
<td title='runner.runner.runScenario()'><b>runScenario</b><br>Test class: runner.runner<br>Test method: Runs Cucumber Scenarios<br>Parameters: "study", "Optional[Urban Ladder]"</td>
<td></td>
<td>14</td>
<td>runner.runner@8e50104</td></tr>
</table><p>
</body>
</html>