<?xml version="1.0" encoding="UTF-8"?>
<!-- Generated by org.testng.reporters.JUnitReportReporter -->
<testsuite hostname="DESKTOP-VRKMISK" failures="6" tests="13" name="runner.runner" time="125.491" errors="0" timestamp="27 Sep 2021 07:05:50 GMT">
  <testcase classname="runner.runner" name="runScenario" time="3.397">
    <failure message="class stepdef.stepDefination10 (in unnamed module @0x30b19518) cannot access class jdk.internal.org.jline.utils.Log (in module jdk.internal.le) because module jdk.internal.le does not export jdk.internal.org.jline.utils to unnamed module @0x30b19518" type="java.lang.IllegalAccessError">
      <![CDATA[java.lang.IllegalAccessError: class stepdef.stepDefination10 (in unnamed module @0x30b19518) cannot access class jdk.internal.org.jline.utils.Log (in module jdk.internal.le) because module jdk.internal.le does not export jdk.internal.org.jline.utils to unnamed module @0x30b19518
	at stepdef.stepDefination10.user_clicks_on_bulk_orders(stepDefination10.java:48)
	at ?.User clicks on bulk orders(file:///C:/Users/Aditya/eclipse-workspace/BDD_Comprehensive/features/UrbanLadder.feature:64)
]]>
    </failure>
  </testcase> <!-- runScenario -->
  <testcase classname="runner.runner" name="runScenario" time="5.648"/>
  <testcase classname="runner.runner" name="runScenario" time="7.199">
    <failure message="class stepdef.stepDefination8 (in unnamed module @0x30b19518) cannot access class jdk.internal.org.jline.utils.Log (in module jdk.internal.le) because module jdk.internal.le does not export jdk.internal.org.jline.utils to unnamed module @0x30b19518" type="java.lang.IllegalAccessError">
      <![CDATA[java.lang.IllegalAccessError: class stepdef.stepDefination8 (in unnamed module @0x30b19518) cannot access class jdk.internal.org.jline.utils.Log (in module jdk.internal.le) because module jdk.internal.le does not export jdk.internal.org.jline.utils to unnamed module @0x30b19518
	at stepdef.stepDefination8.user_hovers_over_kidsroom_icon(stepDefination8.java:52)
	at ?.User hovers over kidsroom icon(file:///C:/Users/Aditya/eclipse-workspace/BDD_Comprehensive/features/UrbanLadder.feature:53)
]]>
    </failure>
  </testcase> <!-- runScenario -->
  <testcase classname="runner.runner" name="runScenario" time="24.032"/>
  <testcase classname="runner.runner" name="runScenario" time="5.175"/>
  <testcase classname="runner.runner" name="runScenario" time="5.796"/>
  <testcase classname="runner.runner" name="runScenario" time="7.381">
    <failure message="element not interactable: https://www.urbanladder.com/furniture-stores?src=g_topnav_sale_stores has no size and location
  (Session info: chrome=93.0.4577.82)
Build info: version: &#039;3.141.5&#039;, revision: &#039;d54ebd709a&#039;, time: &#039;2018-11-06T11:42:16&#039;
System info: host: &#039;DESKTOP-VRKMISK&#039;, ip: &#039;192.168.56.1&#039;, os.name: &#039;Windows 10&#039;, os.arch: &#039;amd64&#039;, os.version: &#039;10.0&#039;, java.version: &#039;11.0.12&#039;
Driver info: org.openqa.selenium.chrome.ChromeDriver
Capabilities {acceptInsecureCerts: false, browserName: chrome, browserVersion: 93.0.4577.82, chrome: {chromedriverVersion: 92.0.4515.107 (87a818b10553..., userDataDir: C:\Users\Aditya\AppData\Loc...}, goog:chromeOptions: {debuggerAddress: localhost:3836}, javascriptEnabled: true, networkConnectionEnabled: false, pageLoadStrategy: normal, platform: WINDOWS, platformName: WINDOWS, proxy: Proxy(), setWindowRect: true, strictFileInteractability: false, timeouts: {implicit: 0, pageLoad: 300000, script: 30000}, unhandledPromptBehavior: dismiss and notify, webauthn:extension:credBlob: true, webauthn:extension:largeBlob: true, webauthn:virtualAuthenticators: true}
Session ID: f6a467377b8513eac361c99ffa3a2ea2" type="org.openqa.selenium.ElementNotInteractableException">
      <![CDATA[org.openqa.selenium.ElementNotInteractableException: element not interactable: https://www.urbanladder.com/furniture-stores?src=g_topnav_sale_stores has no size and location
  (Session info: chrome=93.0.4577.82)
Build info: version: '3.141.5', revision: 'd54ebd709a', time: '2018-11-06T11:42:16'
System info: host: 'DESKTOP-VRKMISK', ip: '192.168.56.1', os.name: 'Windows 10', os.arch: 'amd64', os.version: '10.0', java.version: '11.0.12'
Driver info: org.openqa.selenium.chrome.ChromeDriver
Capabilities {acceptInsecureCerts: false, browserName: chrome, browserVersion: 93.0.4577.82, chrome: {chromedriverVersion: 92.0.4515.107 (87a818b10553..., userDataDir: C:\Users\Aditya\AppData\Loc...}, goog:chromeOptions: {debuggerAddress: localhost:3836}, javascriptEnabled: true, networkConnectionEnabled: false, pageLoadStrategy: normal, platform: WINDOWS, platformName: WINDOWS, proxy: Proxy(), setWindowRect: true, strictFileInteractability: false, timeouts: {implicit: 0, pageLoad: 300000, script: 30000}, unhandledPromptBehavior: dismiss and notify, webauthn:extension:credBlob: true, webauthn:extension:largeBlob: true, webauthn:virtualAuthenticators: true}
Session ID: f6a467377b8513eac361c99ffa3a2ea2
	at java.base/jdk.internal.reflect.NativeConstructorAccessorImpl.newInstance0(Native Method)
	at java.base/jdk.internal.reflect.NativeConstructorAccessorImpl.newInstance(NativeConstructorAccessorImpl.java:62)
	at java.base/jdk.internal.reflect.DelegatingConstructorAccessorImpl.newInstance(DelegatingConstructorAccessorImpl.java:45)
	at java.base/java.lang.reflect.Constructor.newInstance(Constructor.java:490)
	at org.openqa.selenium.remote.http.W3CHttpResponseCodec.createException(W3CHttpResponseCodec.java:187)
	at org.openqa.selenium.remote.http.W3CHttpResponseCodec.decode(W3CHttpResponseCodec.java:122)
	at org.openqa.selenium.remote.http.W3CHttpResponseCodec.decode(W3CHttpResponseCodec.java:49)
	at org.openqa.selenium.remote.HttpCommandExecutor.execute(HttpCommandExecutor.java:158)
	at org.openqa.selenium.remote.service.DriverCommandExecutor.execute(DriverCommandExecutor.java:83)
	at org.openqa.selenium.remote.RemoteWebDriver.execute(RemoteWebDriver.java:552)
	at org.openqa.selenium.remote.RemoteWebDriver.perform(RemoteWebDriver.java:618)
	at org.openqa.selenium.interactions.Actions$BuiltAction.perform(Actions.java:639)
	at stepdef.stepDefination3.user_hovers_over_sale_icon(stepDefination3.java:55)
	at ?.User hovers over sale icon(file:///C:/Users/Aditya/eclipse-workspace/BDD_Comprehensive/features/UrbanLadder.feature:23)
]]>
    </failure>
  </testcase> <!-- runScenario -->
  <testcase classname="runner.runner" name="runScenario" time="10.097"/>
  <testcase classname="runner.runner" name="runScenario" time="22.080">
    <failure message="Must provide a location for a move action." type="java.lang.IllegalArgumentException">
      <![CDATA[java.lang.IllegalArgumentException: Must provide a location for a move action.
	at org.openqa.selenium.interactions.MoveMouseAction.<init>(MoveMouseAction.java:37)
	at org.openqa.selenium.interactions.Actions.moveToElement(Actions.java:386)
	at stepdef.stepDefination4.user_hovers_over_living_icon(stepDefination4.java:51)
	at ?.User hovers over living icon(file:///C:/Users/Aditya/eclipse-workspace/BDD_Comprehensive/features/UrbanLadder.feature:29)
]]>
    </failure>
  </testcase> <!-- runScenario -->
  <testcase classname="runner.runner" name="runScenario" time="7.245">
    <failure message="class stepdef.stepDefination6 (in unnamed module @0x30b19518) cannot access class jdk.internal.org.jline.utils.Log (in module jdk.internal.le) because module jdk.internal.le does not export jdk.internal.org.jline.utils to unnamed module @0x30b19518" type="java.lang.IllegalAccessError">
      <![CDATA[java.lang.IllegalAccessError: class stepdef.stepDefination6 (in unnamed module @0x30b19518) cannot access class jdk.internal.org.jline.utils.Log (in module jdk.internal.le) because module jdk.internal.le does not export jdk.internal.org.jline.utils to unnamed module @0x30b19518
	at stepdef.stepDefination6.user_hovers_over_storage_icon(stepDefination6.java:51)
	at ?.User hovers over storage icon(file:///C:/Users/Aditya/eclipse-workspace/BDD_Comprehensive/features/UrbanLadder.feature:41)
]]>
    </failure>
  </testcase> <!-- runScenario -->
  <testcase classname="runner.runner" name="runScenario" time="6.776"/>
  <testcase classname="runner.runner" name="runScenario" time="12.066">
    <failure message="class stepdef.stepDefination9 (in unnamed module @0x30b19518) cannot access class jdk.internal.org.jline.utils.Log (in module jdk.internal.le) because module jdk.internal.le does not export jdk.internal.org.jline.utils to unnamed module @0x30b19518" type="java.lang.IllegalAccessError">
      <![CDATA[java.lang.IllegalAccessError: class stepdef.stepDefination9 (in unnamed module @0x30b19518) cannot access class jdk.internal.org.jline.utils.Log (in module jdk.internal.le) because module jdk.internal.le does not export jdk.internal.org.jline.utils to unnamed module @0x30b19518
	at stepdef.stepDefination9.user_clicks_on_gift_card(stepDefination9.java:48)
	at ?.User clicks on gift card(file:///C:/Users/Aditya/eclipse-workspace/BDD_Comprehensive/features/UrbanLadder.feature:59)
]]>
    </failure>
  </testcase> <!-- runScenario -->
  <testcase classname="runner.runner" name="runScenario" time="8.599"/>
</testsuite> <!-- runner.runner -->
